make --dry-run --keep-going --print-directory
make: Entering directory `/Users/workelly/Desktop/    /PROJECTS/PUSHSWAP'
mkdir -p obj
cc -Wall -Werror -Wextra -MMD -MP -I./includes -g3 -o obj/args_check.o -c pushswap/args_check.c
echo "\033[35massembling in progress...\033[0m"
echo "\033[32mdone and moved into obj directory\033[0m"
 
mkdir -p obj
cc -Wall -Werror -Wextra -MMD -MP -I./includes -g3 -o obj/initab.o -c pushswap/initab.c
echo "\033[35massembling in progress...\033[0m"
echo "\033[32mdone and moved into obj directory\033[0m"
mkdir -p obj
cc -Wall -Werror -Wextra -MMD -MP -I./includes -g3 -o obj/utils.o -c pushswap/utils.c
 
echo "\033[35massembling in progress...\033[0m"
echo "\033[32mdone and moved into obj directory\033[0m"
mkdir -p obj
cc -Wall -Werror -Wextra -MMD -MP -I./includes -g3 -o obj/radix.o -c pushswap/radix.c
echo "\033[35massembling in progress...\033[0m"
echo "\033[32mdone and moved into obj directory\033[0m"
 
mkdir -p obj
cc -Wall -Werror -Wextra -MMD -MP -I./includes -g3 -o obj/smallalgo.o -c pushswap/smallalgo.c
echo "\033[35massembling in progress...\033[0m"
echo "\033[32mdone and moved into obj directory\033[0m"
 
mkdir -p obj
cc -Wall -Werror -Wextra -MMD -MP -I./includes -g3 -o obj/pushA.o -c pushswap/pushA.c
echo "\033[35massembling in progress...\033[0m"
 
echo "\033[32mdone and moved into obj directory\033[0m"
 
mkdir -p obj
cc -Wall -Werror -Wextra -MMD -MP -I./includes -g3 -o obj/pushB.o -c pushswap/pushB.c
echo "\033[35massembling in progress...\033[0m"
echo "\033[32mdone and moved into obj directory\033[0m"
 
mkdir -p obj
cc -Wall -Werror -Wextra -MMD -MP -I./includes -g3 -o obj/reverse_rotate.o -c pushswap/reverse_rotate.c
echo "\033[35massembling in progress...\033[0m"
echo "\033[32mdone and moved into obj directory\033[0m"
 
mkdir -p obj
cc -Wall -Werror -Wextra -MMD -MP -I./includes -g3 -o obj/rotate.o -c pushswap/rotate.c
echo "\033[35massembling in progress...\033[0m"
echo "\033[32mdone and moved into obj directory\033[0m"
 
mkdir -p obj
cc -Wall -Werror -Wextra -MMD -MP -I./includes -g3 -o obj/swap.o -c pushswap/swap.c
echo "\033[35massembling in progress...\033[0m"
echo "\033[32mdone and moved into obj directory\033[0m"
 
make: *** No rule to make target `obj/main.o', needed by `push_swap'.

make: Leaving directory `/Users/workelly/Desktop/    /PROJECTS/PUSHSWAP'
 
